1781836961.616019 client started (1217955): version 3.5a, socket /tmp/tmux-1008/default, protocol 8
1781836961.616053 on Linux 6.19.14-102.fc42.x86_64 #1 SMP PREEMPT_DYNAMIC Wed May 13 22:35:49 UTC 2026
1781836961.616058 using libevent 2.1.12-stable poll
1781836961.616063 using ncurses 6.5 20250125
1781836961.616088 flags are 0x10010000
1781836961.616102 socket is /tmp/tmux-1008/default
1781836961.616122 trying connect
1781836961.616210 add peer 0x55aa6e9b96a0: 6 ((nil))
1781836961.616752 sending message 111 to peer 0x55aa6e9b96a0 (8 bytes)
1781836961.616765 sending message 111 to peer 0x55aa6e9b96a0 (8 bytes)
1781836961.616770 sending message 101 to peer 0x55aa6e9b96a0 (14 bytes)
1781836961.616773 sending message 109 to peer 0x55aa6e9b96a0 (4 bytes)
1781836961.616777 sending message 102 to peer 0x55aa6e9b96a0 (11 bytes)
1781836961.616781 sending message 108 to peer 0x55aa6e9b96a0 (35 bytes)
1781836961.616785 sending message 112 to peer 0x55aa6e9b96a0 (70 bytes)
1781836961.616789 sending message 112 to peer 0x55aa6e9b96a0 (5 bytes)
1781836961.616793 sending message 112 to peer 0x55aa6e9b96a0 (5 bytes)
1781836961.616796 sending message 112 to peer 0x55aa6e9b96a0 (6 bytes)
1781836961.616800 sending message 112 to peer 0x55aa6e9b96a0 (6 bytes)
1781836961.616804 sending message 112 to peer 0x55aa6e9b96a0 (11 bytes)
1781836961.616808 sending message 112 to peer 0x55aa6e9b96a0 (10 bytes)
1781836961.616811 sending message 112 to peer 0x55aa6e9b96a0 (13 bytes)
1781836961.616815 sending message 112 to peer 0x55aa6e9b96a0 (13 bytes)
1781836961.616819 sending message 112 to peer 0x55aa6e9b96a0 (18 bytes)
1781836961.616822 sending message 112 to peer 0x55aa6e9b96a0 (11 bytes)
1781836961.616826 sending message 112 to peer 0x55aa6e9b96a0 (10 bytes)
1781836961.616830 sending message 112 to peer 0x55aa6e9b96a0 (15 bytes)
1781836961.616834 sending message 112 to peer 0x55aa6e9b96a0 (21 bytes)
1781836961.616837 sending message 112 to peer 0x55aa6e9b96a0 (13 bytes)
1781836961.616841 sending message 112 to peer 0x55aa6e9b96a0 (7 bytes)
1781836961.616845 sending message 112 to peer 0x55aa6e9b96a0 (13 bytes)
1781836961.616849 sending message 112 to peer 0x55aa6e9b96a0 (7 bytes)
1781836961.616852 sending message 112 to peer 0x55aa6e9b96a0 (13 bytes)
1781836961.616856 sending message 112 to peer 0x55aa6e9b96a0 (9 bytes)
1781836961.616860 sending message 112 to peer 0x55aa6e9b96a0 (21 bytes)
1781836961.616864 sending message 112 to peer 0x55aa6e9b96a0 (13 bytes)
1781836961.616868 sending message 112 to peer 0x55aa6e9b96a0 (8 bytes)
1781836961.616872 sending message 112 to peer 0x55aa6e9b96a0 (12 bytes)
1781836961.616875 sending message 112 to peer 0x55aa6e9b96a0 (13 bytes)
1781836961.616879 sending message 112 to peer 0x55aa6e9b96a0 (9 bytes)
1781836961.616883 sending message 112 to peer 0x55aa6e9b96a0 (9 bytes)
1781836961.616886 sending message 112 to peer 0x55aa6e9b96a0 (12 bytes)
1781836961.616890 sending message 112 to peer 0x55aa6e9b96a0 (8 bytes)
1781836961.616894 sending message 112 to peer 0x55aa6e9b96a0 (8 bytes)
1781836961.616898 sending message 112 to peer 0x55aa6e9b96a0 (7 bytes)
1781836961.616901 sending message 112 to peer 0x55aa6e9b96a0 (7 bytes)
1781836961.616905 sending message 112 to peer 0x55aa6e9b96a0 (9 bytes)
1781836961.616909 sending message 112 to peer 0x55aa6e9b96a0 (13 bytes)
1781836961.616912 sending message 112 to peer 0x55aa6e9b96a0 (6 bytes)
1781836961.616916 sending message 112 to peer 0x55aa6e9b96a0 (9 bytes)
1781836961.616920 sending message 112 to peer 0x55aa6e9b96a0 (15 bytes)
1781836961.616924 sending message 112 to peer 0x55aa6e9b96a0 (13 bytes)
1781836961.616928 sending message 112 to peer 0x55aa6e9b96a0 (12 bytes)
1781836961.616931 sending message 112 to peer 0x55aa6e9b96a0 (8 bytes)
1781836961.616935 sending message 112 to peer 0x55aa6e9b96a0 (14 bytes)
1781836961.616939 sending message 112 to peer 0x55aa6e9b96a0 (11 bytes)
1781836961.616942 sending message 112 to peer 0x55aa6e9b96a0 (9 bytes)
1781836961.616946 sending message 112 to peer 0x55aa6e9b96a0 (10 bytes)
1781836961.616950 sending message 112 to peer 0x55aa6e9b96a0 (10 bytes)
1781836961.616965 sending message 112 to peer 0x55aa6e9b96a0 (10 bytes)
1781836961.616969 sending message 112 to peer 0x55aa6e9b96a0 (10 bytes)
1781836961.616973 sending message 112 to peer 0x55aa6e9b96a0 (11 bytes)
1781836961.616977 sending message 112 to peer 0x55aa6e9b96a0 (12 bytes)
1781836961.616980 sending message 112 to peer 0x55aa6e9b96a0 (12 bytes)
1781836961.616984 sending message 112 to peer 0x55aa6e9b96a0 (12 bytes)
1781836961.616988 sending message 112 to peer 0x55aa6e9b96a0 (12 bytes)
1781836961.616991 sending message 112 to peer 0x55aa6e9b96a0 (12 bytes)
1781836961.616995 sending message 112 to peer 0x55aa6e9b96a0 (11 bytes)
1781836961.616999 sending message 112 to peer 0x55aa6e9b96a0 (11 bytes)
1781836961.617003 sending message 112 to peer 0x55aa6e9b96a0 (12 bytes)
1781836961.617006 sending message 112 to peer 0x55aa6e9b96a0 (12 bytes)
1781836961.617010 sending message 112 to peer 0x55aa6e9b96a0 (12 bytes)
1781836961.617014 sending message 112 to peer 0x55aa6e9b96a0 (12 bytes)
1781836961.617018 sending message 112 to peer 0x55aa6e9b96a0 (12 bytes)
1781836961.617021 sending message 112 to peer 0x55aa6e9b96a0 (10 bytes)
1781836961.617025 sending message 112 to peer 0x55aa6e9b96a0 (12 bytes)
1781836961.617029 sending message 112 to peer 0x55aa6e9b96a0 (13 bytes)
1781836961.617032 sending message 112 to peer 0x55aa6e9b96a0 (13 bytes)
1781836961.617036 sending message 112 to peer 0x55aa6e9b96a0 (13 bytes)
1781836961.617040 sending message 112 to peer 0x55aa6e9b96a0 (13 bytes)
1781836961.617043 sending message 112 to peer 0x55aa6e9b96a0 (13 bytes)
1781836961.617047 sending message 112 to peer 0x55aa6e9b96a0 (8 bytes)
1781836961.617051 sending message 112 to peer 0x55aa6e9b96a0 (11 bytes)
1781836961.617055 sending message 112 to peer 0x55aa6e9b96a0 (11 bytes)
1781836961.617059 sending message 112 to peer 0x55aa6e9b96a0 (11 bytes)
1781836961.617063 sending message 112 to peer 0x55aa6e9b96a0 (12 bytes)
1781836961.617066 sending message 112 to peer 0x55aa6e9b96a0 (12 bytes)
1781836961.617070 sending message 112 to peer 0x55aa6e9b96a0 (12 bytes)
1781836961.617074 sending message 112 to peer 0x55aa6e9b96a0 (12 bytes)
1781836961.617077 sending message 112 to peer 0x55aa6e9b96a0 (13 bytes)
1781836961.617081 sending message 112 to peer 0x55aa6e9b96a0 (13 bytes)
1781836961.617085 sending message 112 to peer 0x55aa6e9b96a0 (13 bytes)
1781836961.617089 sending message 112 to peer 0x55aa6e9b96a0 (8 bytes)
1781836961.617093 sending message 112 to peer 0x55aa6e9b96a0 (13 bytes)
1781836961.617096 sending message 112 to peer 0x55aa6e9b96a0 (13 bytes)
1781836961.617100 sending message 112 to peer 0x55aa6e9b96a0 (13 bytes)
1781836961.617104 sending message 112 to peer 0x55aa6e9b96a0 (13 bytes)
1781836961.617108 sending message 112 to peer 0x55aa6e9b96a0 (13 bytes)
1781836961.617112 sending message 112 to peer 0x55aa6e9b96a0 (12 bytes)
1781836961.617115 sending message 112 to peer 0x55aa6e9b96a0 (12 bytes)
1781836961.617119 sending message 112 to peer 0x55aa6e9b96a0 (12 bytes)
1781836961.617123 sending message 112 to peer 0x55aa6e9b96a0 (12 bytes)
1781836961.617127 sending message 112 to peer 0x55aa6e9b96a0 (13 bytes)
1781836961.617130 sending message 112 to peer 0x55aa6e9b96a0 (8 bytes)
1781836961.617134 sending message 112 to peer 0x55aa6e9b96a0 (13 bytes)
1781836961.617138 sending message 112 to peer 0x55aa6e9b96a0 (13 bytes)
1781836961.617141 sending message 112 to peer 0x55aa6e9b96a0 (13 bytes)
1781836961.617145 sending message 112 to peer 0x55aa6e9b96a0 (13 bytes)
1781836961.617149 sending message 112 to peer 0x55aa6e9b96a0 (13 bytes)
1781836961.617153 sending message 112 to peer 0x55aa6e9b96a0 (13 bytes)
1781836961.617157 sending message 112 to peer 0x55aa6e9b96a0 (13 bytes)
1781836961.617161 sending message 112 to peer 0x55aa6e9b96a0 (12 bytes)
1781836961.617164 sending message 112 to peer 0x55aa6e9b96a0 (12 bytes)
1781836961.617168 sending message 112 to peer 0x55aa6e9b96a0 (12 bytes)
1781836961.617172 sending message 112 to peer 0x55aa6e9b96a0 (8 bytes)
1781836961.617175 sending message 112 to peer 0x55aa6e9b96a0 (12 bytes)
1781836961.617183 sending message 112 to peer 0x55aa6e9b96a0 (13 bytes)
1781836961.617187 sending message 112 to peer 0x55aa6e9b96a0 (13 bytes)
1781836961.617191 sending message 112 to peer 0x55aa6e9b96a0 (13 bytes)
1781836961.617195 sending message 112 to peer 0x55aa6e9b96a0 (13 bytes)
1781836961.617199 sending message 112 to peer 0x55aa6e9b96a0 (13 bytes)
1781836961.617203 sending message 112 to peer 0x55aa6e9b96a0 (13 bytes)
1781836961.617206 sending message 112 to peer 0x55aa6e9b96a0 (13 bytes)
1781836961.617210 sending message 112 to peer 0x55aa6e9b96a0 (13 bytes)
1781836961.617214 sending message 112 to peer 0x55aa6e9b96a0 (12 bytes)
1781836961.617217 sending message 112 to peer 0x55aa6e9b96a0 (10 bytes)
1781836961.617221 sending message 112 to peer 0x55aa6e9b96a0 (12 bytes)
1781836961.617225 sending message 112 to peer 0x55aa6e9b96a0 (12 bytes)
1781836961.617228 sending message 112 to peer 0x55aa6e9b96a0 (12 bytes)
1781836961.617232 sending message 112 to peer 0x55aa6e9b96a0 (13 bytes)
1781836961.617236 sending message 112 to peer 0x55aa6e9b96a0 (13 bytes)
1781836961.617240 sending message 112 to peer 0x55aa6e9b96a0 (13 bytes)
1781836961.617243 sending message 112 to peer 0x55aa6e9b96a0 (13 bytes)
1781836961.617247 sending message 112 to peer 0x55aa6e9b96a0 (13 bytes)
1781836961.617251 sending message 112 to peer 0x55aa6e9b96a0 (13 bytes)
1781836961.617255 sending message 112 to peer 0x55aa6e9b96a0 (13 bytes)
1781836961.617258 sending message 112 to peer 0x55aa6e9b96a0 (10 bytes)
1781836961.617262 sending message 112 to peer 0x55aa6e9b96a0 (13 bytes)
1781836961.617266 sending message 112 to peer 0x55aa6e9b96a0 (12 bytes)
1781836961.617270 sending message 112 to peer 0x55aa6e9b96a0 (12 bytes)
1781836961.617273 sending message 112 to peer 0x55aa6e9b96a0 (12 bytes)
1781836961.617277 sending message 112 to peer 0x55aa6e9b96a0 (10 bytes)
1781836961.617281 sending message 112 to peer 0x55aa6e9b96a0 (10 bytes)
1781836961.617285 sending message 112 to peer 0x55aa6e9b96a0 (10 bytes)
1781836961.617289 sending message 112 to peer 0x55aa6e9b96a0 (12 bytes)
1781836961.617293 sending message 112 to peer 0x55aa6e9b96a0 (13 bytes)
1781836961.617296 sending message 112 to peer 0x55aa6e9b96a0 (13 bytes)
1781836961.617300 sending message 112 to peer 0x55aa6e9b96a0 (13 bytes)
1781836961.617304 sending message 112 to peer 0x55aa6e9b96a0 (13 bytes)
1781836961.617307 sending message 112 to peer 0x55aa6e9b96a0 (13 bytes)
1781836961.617311 sending message 112 to peer 0x55aa6e9b96a0 (11 bytes)
1781836961.617315 sending message 112 to peer 0x55aa6e9b96a0 (11 bytes)
1781836961.617319 sending message 112 to peer 0x55aa6e9b96a0 (12 bytes)
1781836961.617322 sending message 112 to peer 0x55aa6e9b96a0 (12 bytes)
1781836961.617326 sending message 112 to peer 0x55aa6e9b96a0 (12 bytes)
1781836961.617330 sending message 112 to peer 0x55aa6e9b96a0 (12 bytes)
1781836961.617333 sending message 112 to peer 0x55aa6e9b96a0 (12 bytes)
1781836961.617337 sending message 112 to peer 0x55aa6e9b96a0 (11 bytes)
1781836961.617341 sending message 112 to peer 0x55aa6e9b96a0 (12 bytes)
1781836961.617345 sending message 112 to peer 0x55aa6e9b96a0 (12 bytes)
1781836961.617348 sending message 112 to peer 0x55aa6e9b96a0 (13 bytes)
1781836961.617352 sending message 112 to peer 0x55aa6e9b96a0 (13 bytes)
1781836961.617356 sending message 112 to peer 0x55aa6e9b96a0 (13 bytes)
1781836961.617360 sending message 112 to peer 0x55aa6e9b96a0 (13 bytes)
1781836961.617364 sending message 112 to peer 0x55aa6e9b96a0 (13 bytes)
1781836961.617367 sending message 112 to peer 0x55aa6e9b96a0 (10 bytes)
1781836961.617371 sending message 112 to peer 0x55aa6e9b96a0 (9 bytes)
1781836961.617375 sending message 112 to peer 0x55aa6e9b96a0 (12 bytes)
1781836961.617379 sending message 112 to peer 0x55aa6e9b96a0 (13 bytes)
1781836961.617382 sending message 112 to peer 0x55aa6e9b96a0 (13 bytes)
1781836961.617386 sending message 112 to peer 0x55aa6e9b96a0 (13 bytes)
1781836961.617390 sending message 112 to peer 0x55aa6e9b96a0 (13 bytes)
1781836961.617394 sending message 112 to peer 0x55aa6e9b96a0 (13 bytes)
1781836961.617401 sending message 112 to peer 0x55aa6e9b96a0 (9 bytes)
1781836961.617405 sending message 112 to peer 0x55aa6e9b96a0 (12 bytes)
1781836961.617409 sending message 112 to peer 0x55aa6e9b96a0 (13 bytes)
1781836961.617413 sending message 112 to peer 0x55aa6e9b96a0 (13 bytes)
1781836961.617417 sending message 112 to peer 0x55aa6e9b96a0 (13 bytes)
1781836961.617420 sending message 112 to peer 0x55aa6e9b96a0 (13 bytes)
1781836961.617424 sending message 112 to peer 0x55aa6e9b96a0 (13 bytes)
1781836961.617428 sending message 112 to peer 0x55aa6e9b96a0 (11 bytes)
1781836961.617432 sending message 112 to peer 0x55aa6e9b96a0 (12 bytes)
1781836961.617436 sending message 112 to peer 0x55aa6e9b96a0 (13 bytes)
1781836961.617439 sending message 112 to peer 0x55aa6e9b96a0 (13 bytes)
1781836961.617443 sending message 112 to peer 0x55aa6e9b96a0 (13 bytes)
1781836961.617447 sending message 112 to peer 0x55aa6e9b96a0 (13 bytes)
1781836961.617450 sending message 112 to peer 0x55aa6e9b96a0 (13 bytes)
1781836961.617454 sending message 112 to peer 0x55aa6e9b96a0 (11 bytes)
1781836961.617458 sending message 112 to peer 0x55aa6e9b96a0 (12 bytes)
1781836961.617462 sending message 112 to peer 0x55aa6e9b96a0 (12 bytes)
1781836961.617465 sending message 112 to peer 0x55aa6e9b96a0 (12 bytes)
1781836961.617469 sending message 112 to peer 0x55aa6e9b96a0 (12 bytes)
1781836961.617473 sending message 112 to peer 0x55aa6e9b96a0 (12 bytes)
1781836961.617477 sending message 112 to peer 0x55aa6e9b96a0 (21 bytes)
1781836961.617480 sending message 112 to peer 0x55aa6e9b96a0 (12 bytes)
1781836961.617484 sending message 112 to peer 0x55aa6e9b96a0 (9 bytes)
1781836961.617488 sending message 112 to peer 0x55aa6e9b96a0 (6 bytes)
1781836961.617492 sending message 112 to peer 0x55aa6e9b96a0 (13 bytes)
1781836961.617495 sending message 112 to peer 0x55aa6e9b96a0 (8 bytes)
1781836961.617499 sending message 112 to peer 0x55aa6e9b96a0 (15 bytes)
1781836961.617503 sending message 112 to peer 0x55aa6e9b96a0 (13 bytes)
1781836961.617507 sending message 112 to peer 0x55aa6e9b96a0 (9 bytes)
1781836961.617511 sending message 112 to peer 0x55aa6e9b96a0 (70 bytes)
1781836961.617515 sending message 112 to peer 0x55aa6e9b96a0 (69 bytes)
1781836961.617519 sending message 112 to peer 0x55aa6e9b96a0 (10 bytes)
1781836961.617541 sending message 112 to peer 0x55aa6e9b96a0 (10 bytes)
1781836961.617551 sending message 112 to peer 0x55aa6e9b96a0 (8 bytes)
1781836961.617559 sending message 112 to peer 0x55aa6e9b96a0 (15 bytes)
1781836961.617564 sending message 112 to peer 0x55aa6e9b96a0 (13 bytes)
1781836961.617568 sending message 112 to peer 0x55aa6e9b96a0 (10 bytes)
1781836961.617571 sending message 112 to peer 0x55aa6e9b96a0 (10 bytes)
1781836961.617575 sending message 112 to peer 0x55aa6e9b96a0 (17 bytes)
1781836961.617579 sending message 112 to peer 0x55aa6e9b96a0 (10 bytes)
1781836961.617583 sending message 112 to peer 0x55aa6e9b96a0 (13 bytes)
1781836961.617587 sending message 112 to peer 0x55aa6e9b96a0 (9 bytes)
1781836961.617591 sending message 112 to peer 0x55aa6e9b96a0 (5 bytes)
1781836961.617595 sending message 112 to peer 0x55aa6e9b96a0 (15 bytes)
1781836961.617600 sending message 104 to peer 0x55aa6e9b96a0 (0 bytes)
1781836961.617605 sending message 110 to peer 0x55aa6e9b96a0 (0 bytes)
1781836961.617610 sending message 107 to peer 0x55aa6e9b96a0 (4 bytes)
1781836961.617614 sending message 105 to peer 0x55aa6e9b96a0 (29 bytes)
1781836961.617618 sending message 105 to peer 0x55aa6e9b96a0 (54 bytes)
1781836961.617622 sending message 105 to peer 0x55aa6e9b96a0 (40 bytes)
1781836961.617626 sending message 105 to peer 0x55aa6e9b96a0 (55 bytes)
1781836961.617630 sending message 105 to peer 0x55aa6e9b96a0 (72 bytes)
1781836961.617634 sending message 105 to peer 0x55aa6e9b96a0 (30 bytes)
1781836961.617638 sending message 105 to peer 0x55aa6e9b96a0 (20 bytes)
1781836961.617642 sending message 105 to peer 0x55aa6e9b96a0 (26 bytes)
1781836961.617645 sending message 105 to peer 0x55aa6e9b96a0 (56 bytes)
1781836961.617649 sending message 105 to peer 0x55aa6e9b96a0 (19 bytes)
1781836961.617658 sending message 105 to peer 0x55aa6e9b96a0 (24 bytes)
1781836961.617662 sending message 105 to peer 0x55aa6e9b96a0 (23 bytes)
1781836961.617666 sending message 105 to peer 0x55aa6e9b96a0 (45 bytes)
1781836961.617670 sending message 105 to peer 0x55aa6e9b96a0 (24 bytes)
1781836961.617674 sending message 105 to peer 0x55aa6e9b96a0 (23 bytes)
1781836961.617678 sending message 105 to peer 0x55aa6e9b96a0 (15 bytes)
1781836961.617681 sending message 105 to peer 0x55aa6e9b96a0 (17 bytes)
1781836961.617685 sending message 105 to peer 0x55aa6e9b96a0 (19 bytes)
1781836961.617689 sending message 105 to peer 0x55aa6e9b96a0 (13 bytes)
1781836961.617693 sending message 105 to peer 0x55aa6e9b96a0 (17 bytes)
1781836961.617697 sending message 105 to peer 0x55aa6e9b96a0 (8 bytes)
1781836961.617700 sending message 105 to peer 0x55aa6e9b96a0 (35 bytes)
1781836961.617704 sending message 105 to peer 0x55aa6e9b96a0 (14 bytes)
1781836961.617708 sending message 105 to peer 0x55aa6e9b96a0 (32 bytes)
1781836961.617712 sending message 105 to peer 0x55aa6e9b96a0 (1911 bytes)
1781836961.617730 sending message 105 to peer 0x55aa6e9b96a0 (27 bytes)
1781836961.617735 sending message 105 to peer 0x55aa6e9b96a0 (15 bytes)
1781836961.617739 sending message 105 to peer 0x55aa6e9b96a0 (73 bytes)
1781836961.617743 sending message 105 to peer 0x55aa6e9b96a0 (52 bytes)
1781836961.617747 sending message 105 to peer 0x55aa6e9b96a0 (16 bytes)
1781836961.617751 sending message 105 to peer 0x55aa6e9b96a0 (25 bytes)
1781836961.617755 sending message 105 to peer 0x55aa6e9b96a0 (61 bytes)
1781836961.617759 sending message 105 to peer 0x55aa6e9b96a0 (35 bytes)
1781836961.617762 sending message 105 to peer 0x55aa6e9b96a0 (31 bytes)
1781836961.617766 sending message 105 to peer 0x55aa6e9b96a0 (12 bytes)
1781836961.617770 sending message 105 to peer 0x55aa6e9b96a0 (11 bytes)
1781836961.617774 sending message 105 to peer 0x55aa6e9b96a0 (353 bytes)
1781836961.617778 sending message 105 to peer 0x55aa6e9b96a0 (65 bytes)
1781836961.617782 sending message 105 to peer 0x55aa6e9b96a0 (56 bytes)
1781836961.617786 sending message 105 to peer 0x55aa6e9b96a0 (47 bytes)
1781836961.617790 sending message 105 to peer 0x55aa6e9b96a0 (43 bytes)
1781836961.617793 sending message 105 to peer 0x55aa6e9b96a0 (39 bytes)
1781836961.617797 sending message 105 to peer 0x55aa6e9b96a0 (25 bytes)
1781836961.617801 sending message 105 to peer 0x55aa6e9b96a0 (24 bytes)
1781836961.617805 sending message 105 to peer 0x55aa6e9b96a0 (27 bytes)
1781836961.617808 sending message 105 to peer 0x55aa6e9b96a0 (19 bytes)
1781836961.617812 sending message 105 to peer 0x55aa6e9b96a0 (8 bytes)
1781836961.617816 sending message 105 to peer 0x55aa6e9b96a0 (51 bytes)
1781836961.617820 sending message 105 to peer 0x55aa6e9b96a0 (36 bytes)
1781836961.617824 sending message 105 to peer 0x55aa6e9b96a0 (51 bytes)
1781836961.617828 sending message 105 to peer 0x55aa6e9b96a0 (19 bytes)
1781836961.617832 sending message 105 to peer 0x55aa6e9b96a0 (19 bytes)
1781836961.617836 sending message 105 to peer 0x55aa6e9b96a0 (18 bytes)
1781836961.617839 sending message 105 to peer 0x55aa6e9b96a0 (26 bytes)
1781836961.617843 sending message 105 to peer 0x55aa6e9b96a0 (38 bytes)
1781836961.617847 sending message 105 to peer 0x55aa6e9b96a0 (13 bytes)
1781836961.617851 sending message 105 to peer 0x55aa6e9b96a0 (52 bytes)
1781836961.617855 sending message 105 to peer 0x55aa6e9b96a0 (11 bytes)
1781836961.617859 sending message 105 to peer 0x55aa6e9b96a0 (120 bytes)
1781836961.617863 sending message 105 to peer 0x55aa6e9b96a0 (31 bytes)
1781836961.617868 sending message 105 to peer 0x55aa6e9b96a0 (23 bytes)
1781836961.617871 sending message 105 to peer 0x55aa6e9b96a0 (18 bytes)
1781836961.617875 sending message 105 to peer 0x55aa6e9b96a0 (21 bytes)
1781836961.617879 sending message 105 to peer 0x55aa6e9b96a0 (27 bytes)
1781836961.617883 sending message 105 to peer 0x55aa6e9b96a0 (76 bytes)
1781836961.617886 sending message 105 to peer 0x55aa6e9b96a0 (16 bytes)
1781836961.617890 sending message 105 to peer 0x55aa6e9b96a0 (24 bytes)
1781836961.617898 sending message 105 to peer 0x55aa6e9b96a0 (20 bytes)
1781836961.617902 sending message 105 to peer 0x55aa6e9b96a0 (105 bytes)
1781836961.617906 sending message 105 to peer 0x55aa6e9b96a0 (10 bytes)
1781836961.617910 sending message 106 to peer 0x55aa6e9b96a0 (0 bytes)
1781836961.617971 sending message 200 to peer 0x55aa6e9b96a0 (4 bytes)
1781836961.617977 client loop enter
1781836961.618476 peer 0x55aa6e9b96a0 message 303
1781836961.618489 open write file 2 -
1781836961.618500 sending message 305 to peer 0x55aa6e9b96a0 (8 bytes)
1781836961.618543 write check file 2
1781836961.618666 peer 0x55aa6e9b96a0 message 304
1781836961.618678 write 58 to file 2
1781836961.618685 peer 0x55aa6e9b96a0 message 203
1781836961.618689 file 2 58 bytes left
1781836961.618709 write check file 2
1781836961.618713 client loop exit
